Using pre-set license
Built from '2020.3/staging' branch; Version is '2020.3.19f1 (68f137dc9bbe) revision 6877495'; Using compiler version '192528614'; Build Type 'Release'
OS: 'Windows 10 Home Single Language; OS build 19042.1288; Version 2009; 64bit' Language: 'pt' Physical Memory: 8013 MB
BatchMode: 1, IsHumanControllingUs: 0, StartBugReporterOnCrash: 0, Is64bit: 1, IsPro: 0

COMMAND LINE ARGUMENTS:
C:\Program Files\Unity\Editor\Unity.exe
-adb2
-batchMode
-noUpm
-name
AssetImportWorker0
-projectPath
C:/Users/gabri/Documents/GitHub/acabalogo/taacabando
-logFile
Logs/AssetImportWorker0.log
-srvPort
54424
Successfully changed project path to: C:/Users/gabri/Documents/GitHub/acabalogo/taacabando
C:/Users/gabri/Documents/GitHub/acabalogo/taacabando
Using Asset Import Pipeline V2.
Refreshing native plugins compatible for Editor in 75.94 ms, found 2 plugins.
Preloading 0 native plugins for Editor in 0.00 ms.
Initialize engine version: 2020.3.19f1 (68f137dc9bbe)
[Subsystems] Discovering subsystems at path C:/Program Files/Unity/Editor/Data/Resources/UnitySubsystems
[Subsystems] Discovering subsystems at path C:/Users/gabri/Documents/GitHub/acabalogo/taacabando/Assets
GfxDevice: creating device client; threaded=0
Direct3D:
    Version:  Direct3D 11.0 [level 11.1]
    Renderer: Intel(R) UHD Graphics (ID=0x9b41)
    Vendor:   
    VRAM:     4006 MB
    Driver:   26.20.100.6911
Initialize mono
Mono path[0] = 'C:/Program Files/Unity/Editor/Data/Managed'
Mono path[1] = 'C:/Program Files/Unity/Editor/Data/MonoBleedingEdge/lib/mono/unityjit'
Mono config path = 'C:/Program Files/Unity/Editor/Data/MonoBleedingEdge/etc'
Using monoOptions --debugger-agent=transport=dt_socket,embedding=1,server=y,suspend=n,address=127.0.0.1:56492
Begin MonoManager ReloadAssembly
Registering precompiled unity dll's ...
Register platform support module: C:/Program Files/Unity/Editor/Data/PlaybackEngines/WindowsStandaloneSupport/UnityEditor.WindowsStandalone.Extensions.dll
Registered in 0.005065 seconds.
Native extension for WindowsStandalone target not found
Refreshing native plugins compatible for Editor in 91.57 ms, found 2 plugins.
Preloading 0 native plugins for Editor in 0.00 ms.
Mono: successfully reloaded assembly
- Completed reload, in  2.630 seconds
Domain Reload Profiling:
	ReloadAssembly (2631ms)
		BeginReloadAssembly (170ms)
			ExecutionOrderSort (0ms)
			DisableScriptedObjects (0ms)
			BackupInstance (0ms)
			ReleaseScriptingObjects (0ms)
			CreateAndSetChildDomain (2ms)
		EndReloadAssembly (1100ms)
			LoadAssemblies (162ms)
			RebuildTransferFunctionScriptingTraits (0ms)
			SetupTypeCache (362ms)
			ReleaseScriptCaches (0ms)
			RebuildScriptCaches (98ms)
			SetupLoadedEditorAssemblies (447ms)
				LogAssemblyErrors (0ms)
				InitializePlatformSupportModulesInManaged (13ms)
				SetLoadedEditorAssemblies (1ms)
				RefreshPlugins (92ms)
				BeforeProcessingInitializeOnLoad (28ms)
				ProcessInitializeOnLoadAttributes (248ms)
				ProcessInitializeOnLoadMethodAttributes (64ms)
				AfterProcessingInitializeOnLoad (0ms)
				EditorAssembliesLoaded (0ms)
			ExecutionOrderSort2 (0ms)
			AwakeInstancesAfterBackupRestoration (0ms)
Platform modules already initialized, skipping
Registering precompiled user dll's ...
Registered in 0.006668 seconds.
Begin MonoManager ReloadAssembly
Native extension for WindowsStandalone target not found
Refreshing native plugins compatible for Editor in 0.56 ms, found 2 plugins.
Preloading 0 native plugins for Editor in 0.00 ms.
Mono: successfully reloaded assembly
- Completed reload, in  2.647 seconds
Domain Reload Profiling:
	ReloadAssembly (2649ms)
		BeginReloadAssembly (337ms)
			ExecutionOrderSort (0ms)
			DisableScriptedObjects (10ms)
			BackupInstance (0ms)
			ReleaseScriptingObjects (0ms)
			CreateAndSetChildDomain (36ms)
		EndReloadAssembly (2170ms)
			LoadAssemblies (196ms)
			RebuildTransferFunctionScriptingTraits (0ms)
			SetupTypeCache (777ms)
			ReleaseScriptCaches (1ms)
			RebuildScriptCaches (130ms)
			SetupLoadedEditorAssemblies (744ms)
				LogAssemblyErrors (0ms)
				InitializePlatformSupportModulesInManaged (11ms)
				SetLoadedEditorAssemblies (1ms)
				RefreshPlugins (1ms)
				BeforeProcessingInitializeOnLoad (124ms)
				ProcessInitializeOnLoadAttributes (573ms)
				ProcessInitializeOnLoadMethodAttributes (15ms)
				AfterProcessingInitializeOnLoad (19ms)
				EditorAssembliesLoaded (1ms)
			ExecutionOrderSort2 (0ms)
			AwakeInstancesAfterBackupRestoration (20ms)
Platform modules already initialized, skipping
========================================================================
Worker process is ready to serve import requests
Launched and connected shader compiler UnityShaderCompiler.exe after 0.10 seconds
Refreshing native plugins compatible for Editor in 0.48 ms, found 2 plugins.
Preloading 0 native plugins for Editor in 0.00 ms.
Unloading 1397 Unused Serialized files (Serialized files now loaded: 0)
System memory in use before: 64.8 MB.
System memory in use after: 64.9 MB.

Unloading 16 unused Assets to reduce memory usage. Loaded Objects now: 1832.
Total: 5.102100 ms (FindLiveObjects: 0.240200 ms CreateObjectMapping: 0.084500 ms MarkObjects: 4.675400 ms  DeleteObjects: 0.100200 ms)

AssetImportParameters requested are different than current active one (requested -> active):
  custom:framework-win-MediaFoundation: 216162199b28c13a410421893ffa2e32 -> 
  custom:video-decoder-ogg-theora: a1e56fd34408186e4bbccfd4996cb3dc -> 
  custom:container-muxer-webm: aa71ff27fc2769a1b78a27578f13a17b -> 
  custom:container-demuxer-webm: 4f35f7cbe854078d1ac9338744f61a02 -> 
  custom:container-demuxer-ogg: 62fdf1f143b41e24485cea50d1cbac27 -> 
  custom:video-encoder-webm-vp8: eb34c28f22e8b96e1ab97ce403110664 -> 
  custom:video-decoder-webm-vp8: 9c59270c3fd7afecdb556c50c9e8de78 -> 
  custom:audio-decoder-ogg-vorbis: bf7c407c2cedff20999df2af8eb42d56 -> 
  custom:audio-encoder-webm-vorbis: bf7c407c2cedff20999df2af8eb42d56 -> 
========================================================================
Received Import Request.
  path: Assets/chao.mat
  artifactKey: Guid(a91c93f55d52e134f89d22c3ba877f9f) Importer(815301076,1909f56bfc062723c751e8b465ee728b)
Start importing Assets/chao.mat using Guid(a91c93f55d52e134f89d22c3ba877f9f) Importer(815301076,1909f56bfc062723c751e8b465ee728b)  -> (artifact id: '445e9fe787c62436fb2129e3bffc5773') in 0.199558 seconds 
  Import took 0.204006 seconds .

========================================================================
Received Import Request.
  Time since last request: 0.000519 seconds.
  path: Assets/parede.mat
  artifactKey: Guid(89b5ff6841acb7242b512612c151d42f) Importer(815301076,1909f56bfc062723c751e8b465ee728b)
Start importing Assets/parede.mat using Guid(89b5ff6841acb7242b512612c151d42f) Importer(815301076,1909f56bfc062723c751e8b465ee728b)  -> (artifact id: '8f0231951eb4d0db03f788f40e6deda5') in 0.023093 seconds 
  Import took 0.027738 seconds .

========================================================================
Received Import Request.
  Time since last request: 0.000437 seconds.
  path: Assets/labirinto.prefab
  artifactKey: Guid(bef3b00dff8c2ed438a8425f87c4f509) Importer(815301076,1909f56bfc062723c751e8b465ee728b)
Start importing Assets/labirinto.prefab using Guid(bef3b00dff8c2ed438a8425f87c4f509) Importer(815301076,1909f56bfc062723c751e8b465ee728b)  -> (artifact id: 'f1dc18397cdc0433d2cbcdd68ae49007') in 0.065583 seconds 
  Import took 0.073249 seconds .

========================================================================
Received Import Request.
  Time since last request: 1253.143349 seconds.
  path: Assets/a.mat
  artifactKey: Guid(79a11744a348b254d9b63df53e72d000) Importer(815301076,1909f56bfc062723c751e8b465ee728b)
Start importing Assets/a.mat using Guid(79a11744a348b254d9b63df53e72d000) Importer(815301076,1909f56bfc062723c751e8b465ee728b)  -> (artifact id: 'b3114dfbe84a954dab2cecc35bb6a3a9') in 0.020856 seconds 
  Import took 0.027201 seconds .

========================================================================
Received Import Request.
  Time since last request: 34.027031 seconds.
  path: Assets/a.mat
  artifactKey: Guid(79a11744a348b254d9b63df53e72d000) Importer(815301076,1909f56bfc062723c751e8b465ee728b)
Start importing Assets/a.mat using Guid(79a11744a348b254d9b63df53e72d000) Importer(815301076,1909f56bfc062723c751e8b465ee728b)  -> (artifact id: '3ed3466293a5e304eb4775243761ce42') in 0.020766 seconds 
  Import took 0.026373 seconds .

AssetImportWorkerClient::OnTransportError - code=2 error=End of file
